#
# There is insufficient memory for the Java Runtime Environment to continue.
# Native memory allocation (malloc) failed to allocate 65552 bytes for Chunk::new
# Possible reasons:
#   The system is out of physical RAM or swap space
#   The process is running with CompressedOops enabled, and the Java Heap may be blocking the growth of the native heap
# Possible solutions:
#   Reduce memory load on the system
#   Increase physical memory or swap space
#   Check if swap backing store is full
#   Decrease Java heap size (-Xmx/-Xms)
#   Decrease number of Java threads
#   Decrease Java thread stack sizes (-Xss)
#   Set larger code cache with -XX:ReservedCodeCacheSize=
#   JVM is running with Zero Based Compressed Oops mode in which the Java heap is
#     placed in the first 32GB address space. The Java Heap base address is the
#     maximum limit for the native heap growth. Please use -XX:HeapBaseMinAddress
#     to set the Java Heap base and to place the Java Heap above 32GB virtual address.
# This output file may be truncated or incomplete.
#
#  Out of Memory Error (arena.cpp:189), pid=14616, tid=9996
#
# JRE version: Java(TM) SE Runtime Environment (17.0.1+12) (build 17.0.1+12-LTS-39)
# Java VM: Java HotSpot(TM) 64-Bit Server VM (17.0.1+12-LTS-39, mixed mode, sharing, tiered, compressed oops, compressed class ptrs, g1 gc, windows-amd64)
# No core dump will be written. Minidumps are not enabled by default on client versions of Windows
#

---------------  S U M M A R Y ------------

Command Line: -Dclassworlds.conf=C:\Program Files\NetBeans-12.5\netbeans\java\maven\bin\..\bin\m2.conf -Dmaven.home=C:\Program Files\NetBeans-12.5\netbeans\java\maven\bin\.. -Dlibrary.jansi.path=C:\Program Files\NetBeans-12.5\netbeans\java\maven\bin\..\lib\jansi-native -Dmaven.multiModuleProjectDirectory=C:\Users\sergi\Documents\NetBeansProjects\GestionIncidencias org.codehaus.plexus.classworlds.launcher.Launcher -Dexec.vmArgs= -Dexec.args=${exec.vmArgs} -classpath %classpath ${exec.mainClass} ${exec.appArgs} -Dexec.appArgs= -Dexec.mainClass=com.mycompany.gestionincidencias.view.Login -Dexec.executable=C:\Program Files\Java\jdk-17.0.1\bin\java.exe -Dmaven.ext.class.path=C:\Program Files\NetBeans-12.5\netbeans\java\maven-nblib\netbeans-eventspy.jar -Dfile.encoding=UTF-8 org.codehaus.mojo:exec-maven-plugin:3.0.0:exec

Host: Intel(R) Core(TM) i7-5500U CPU @ 2.40GHz, 4 cores, 11G,  Windows 10 , 64 bit Build 19041 (10.0.19041.2364)
Time: Tue Feb 28 17:03:01 2023 Hora estándar romance elapsed time: 1.903209 seconds (0d 0h 0m 1s)

---------------  T H R E A D  ---------------

Current thread (0x000001deaed06040):  JavaThread "C2 CompilerThread1" daemon [_thread_in_native, id=9996, stack(0x0000002d74900000,0x0000002d74a00000)]


Current CompileTask:
C2:   1903 2003       4       sun.util.locale.BaseLocale::getInstance (149 bytes)

Stack: [0x0000002d74900000,0x0000002d74a00000]
Native frames: (J=compiled Java code, j=interpreted, Vv=VM code, C=native code)
V  [jvm.dll+0x66fa1a]
V  [jvm.dll+0x7ce5a4]
V  [jvm.dll+0x7cfd4e]
V  [jvm.dll+0x7d03b3]
V  [jvm.dll+0x242b05]
V  [jvm.dll+0xaa05b]
V  [jvm.dll+0xaa5ec]
V  [jvm.dll+0xaa16b]
V  [jvm.dll+0x694ae8]
V  [jvm.dll+0x1a5c73]
V  [jvm.dll+0x693291]
V  [jvm.dll+0x5fb545]
V  [jvm.dll+0x215a10]
V  [jvm.dll+0x215011]
V  [jvm.dll+0x1a168d]
V  [jvm.dll+0x224848]
V  [jvm.dll+0x2229ac]
V  [jvm.dll+0x78435b]
V  [jvm.dll+0x77e91a]
V  [jvm.dll+0x66e845]
C  [ucrtbase.dll+0x21bb2]
C  [KERNEL32.DLL+0x17614]
C  [ntdll.dll+0x526a1]


---------------  P R O C E S S  ---------------

Threads class SMR info:
_java_thread_list=0x000001deae999a90, length=13, elements={
0x000001de8bb24d50, 0x000001dead852b10, 0x000001dead853890, 0x000001dead8699f0,
0x000001dead86a2b0, 0x000001dead86ab70, 0x000001dead86e180, 0x000001dead86ee20,
0x000001dead87b050, 0x000001dead88e120, 0x000001deae4bcae0, 0x000001deae4bf800,
0x000001deaed06040
}

Java Threads: ( => current thread )
  0x000001de8bb24d50 JavaThread "main" [_thread_in_native, id=1592, stack(0x0000002d73300000,0x0000002d73400000)]
  0x000001dead852b10 JavaThread "Reference Handler" daemon [_thread_blocked, id=12652, stack(0x0000002d73a00000,0x0000002d73b00000)]
  0x000001dead853890 JavaThread "Finalizer" daemon [_thread_blocked, id=3724, stack(0x0000002d73b00000,0x0000002d73c00000)]
  0x000001dead8699f0 JavaThread "Signal Dispatcher" daemon [_thread_blocked, id=8276, stack(0x0000002d73c00000,0x0000002d73d00000)]
  0x000001dead86a2b0 JavaThread "Attach Listener" daemon [_thread_blocked, id=11372, stack(0x0000002d73d00000,0x0000002d73e00000)]
  0x000001dead86ab70 JavaThread "Service Thread" daemon [_thread_blocked, id=13056, stack(0x0000002d73e00000,0x0000002d73f00000)]
  0x000001dead86e180 JavaThread "Monitor Deflation Thread" daemon [_thread_blocked, id=13400, stack(0x0000002d73f00000,0x0000002d74000000)]
  0x000001dead86ee20 JavaThread "C2 CompilerThread0" daemon [_thread_in_native, id=1000, stack(0x0000002d74000000,0x0000002d74100000)]
  0x000001dead87b050 JavaThread "C1 CompilerThread0" daemon [_thread_blocked, id=7076, stack(0x0000002d74100000,0x0000002d74200000)]
  0x000001dead88e120 JavaThread "Sweeper thread" daemon [_thread_blocked, id=7992, stack(0x0000002d74200000,0x0000002d74300000)]
  0x000001deae4bcae0 JavaThread "Notification Thread" daemon [_thread_blocked, id=13716, stack(0x0000002d74300000,0x0000002d74400000)]
  0x000001deae4bf800 JavaThread "Common-Cleaner" daemon [_thread_blocked, id=7884, stack(0x0000002d74500000,0x0000002d74600000)]
=>0x000001deaed06040 JavaThread "C2 CompilerThread1" daemon [_thread_in_native, id=9996, stack(0x0000002d74900000,0x0000002d74a00000)]

Other Threads:
  0x000001dead84abe0 VMThread "VM Thread" [stack: 0x0000002d73900000,0x0000002d73a00000] [id=8264]
  0x000001deae4bf3d0 WatcherThread [stack: 0x0000002d74400000,0x0000002d74500000] [id=14144]
  0x000001de8bb6a630 GCTaskThread "GC Thread#0" [stack: 0x0000002d73400000,0x0000002d73500000] [id=8812]
  0x000001deae880220 GCTaskThread "GC Thread#1" [stack: 0x0000002d74600000,0x0000002d74700000] [id=5912]
  0x000001deae8804d0 GCTaskThread "GC Thread#2" [stack: 0x0000002d74700000,0x0000002d74800000] [id=2872]
  0x000001deae880780 GCTaskThread "GC Thread#3" [stack: 0x0000002d74800000,0x0000002d74900000] [id=14440]
  0x000001de8bb77300 ConcurrentGCThread "G1 Main Marker" [stack: 0x0000002d73500000,0x0000002d73600000] [id=10324]
  0x000001de8bb783c0 ConcurrentGCThread "G1 Conc#0" [stack: 0x0000002d73600000,0x0000002d73700000] [id=9012]
  0x000001de8bbf7a10 ConcurrentGCThread "G1 Refine#0" [stack: 0x0000002d73700000,0x0000002d73800000] [id=9948]
  0x000001dead710480 ConcurrentGCThread "G1 Service" [stack: 0x0000002d73800000,0x0000002d73900000] [id=7540]

Threads with active compile tasks:
C2 CompilerThread0     1947 1742   !   4       java.net.URL::<init> (543 bytes)
C2 CompilerThread1     1947 2003       4       sun.util.locale.BaseLocale::getInstance (149 bytes)

VM state: not at safepoint (normal execution)

VM Mutex/Monitor currently owned by a thread: None

Heap address: 0x0000000741800000, size: 3048 MB, Compressed Oops mode: Zero based, Oop shift amount: 3

CDS archive(s) mapped at: [0x0000000800000000-0x0000000800bc0000-0x0000000800bc0000), size 12320768, SharedBaseAddress: 0x0000000800000000, ArchiveRelocationMode: 0.
Compressed class space mapped at: 0x0000000800c00000-0x0000000840c00000, reserved size: 1073741824
Narrow klass base: 0x0000000800000000, Narrow klass shift: 0, Narrow klass range: 0x100000000

GC Precious Log:
 CPUs: 4 total, 4 available
 Memory: 12190M
 Large Page Support: Disabled
 NUMA Support: Disabled
 Compressed Oops: Enabled (Zero based)
 Heap Region Size: 2M
 Heap Min Capacity: 8M
 Heap Initial Capacity: 192M
 Heap Max Capacity: 3048M
 Pre-touch: Disabled
 Parallel Workers: 4
 Concurrent Workers: 1
 Concurrent Refinement Workers: 4
 Periodic GC: Disabled

Heap:
 garbage-first heap   total 196608K, used 19382K [0x0000000741800000, 0x0000000800000000)
  region size 2048K, 9 young (18432K), 1 survivors (2048K)
 Metaspace       used 11690K, committed 11840K, reserved 1064960K
  class space    used 1396K, committed 1472K, reserved 1048576K

Heap Regions: E=young(eden), S=young(survivor), O=old, HS=humongous(starts), HC=humongous(continues), CS=collection set, F=free, OA=open archive, CA=closed archive, TAMS=top-at-mark-start (previous, next)
|   0|0x0000000741800000, 0x0000000741a00000, 0x0000000741a00000|100%| O|  |TAMS 0x0000000741800000, 0x0000000741800000| Untracked 
|   1|0x0000000741a00000, 0x0000000741b10200, 0x0000000741c00000| 53%| O|  |TAMS 0x0000000741a00000, 0x0000000741a00000| Untracked 
|   2|0x0000000741c00000, 0x0000000741c00000, 0x0000000741e00000|  0%| F|  |TAMS 0x0000000741c00000, 0x0000000741c00000| Untracked 
|   3|0x0000000741e00000, 0x0000000741e00000, 0x0000000742000000|  0%| F|  |TAMS 0x0000000741e00000, 0x0000000741e00000| Untracked 
|   4|0x0000000742000000, 0x0000000742000000, 0x0000000742200000|  0%| F|  |TAMS 0x0000000742000000, 0x0000000742000000| Untracked 
|   5|0x0000000742200000, 0x0000000742200000, 0x0000000742400000|  0%| F|  |TAMS 0x0000000742200000, 0x0000000742200000| Untracked 
|   6|0x0000000742400000, 0x0000000742400000, 0x0000000742600000|  0%| F|  |TAMS 0x0000000742400000, 0x0000000742400000| Untracked 
|   7|0x0000000742600000, 0x0000000742600000, 0x0000000742800000|  0%| F|  |TAMS 0x0000000742600000, 0x0000000742600000| Untracked 
|   8|0x0000000742800000, 0x0000000742800000, 0x0000000742a00000|  0%| F|  |TAMS 0x0000000742800000, 0x0000000742800000| Untracked 
|   9|0x0000000742a00000, 0x0000000742a00000, 0x0000000742c00000|  0%| F|  |TAMS 0x0000000742a00000, 0x0000000742a00000| Untracked 
|  10|0x0000000742c00000, 0x0000000742c00000, 0x0000000742e00000|  0%| F|  |TAMS 0x0000000742c00000, 0x0000000742c00000| Untracked 
|  11|0x0000000742e00000, 0x0000000742e00000, 0x0000000743000000|  0%| F|  |TAMS 0x0000000742e00000, 0x0000000742e00000| Untracked 
|  12|0x0000000743000000, 0x0000000743000000, 0x0000000743200000|  0%| F|  |TAMS 0x0000000743000000, 0x0000000743000000| Untracked 
|  13|0x0000000743200000, 0x0000000743200000, 0x0000000743400000|  0%| F|  |TAMS 0x0000000743200000, 0x0000000743200000| Untracked 
|  14|0x0000000743400000, 0x0000000743400000, 0x0000000743600000|  0%| F|  |TAMS 0x0000000743400000, 0x0000000743400000| Untracked 
|  15|0x0000000743600000, 0x0000000743600000, 0x0000000743800000|  0%| F|  |TAMS 0x0000000743600000, 0x0000000743600000| Untracked 
|  16|0x0000000743800000, 0x0000000743800000, 0x0000000743a00000|  0%| F|  |TAMS 0x0000000743800000, 0x0000000743800000| Untracked 
|  17|0x0000000743a00000, 0x0000000743a00000, 0x0000000743c00000|  0%| F|  |TAMS 0x0000000743a00000, 0x0000000743a00000| Untracked 
|  18|0x0000000743c00000, 0x0000000743c00000, 0x0000000743e00000|  0%| F|  |TAMS 0x0000000743c00000, 0x0000000743c00000| Untracked 
|  19|0x0000000743e00000, 0x0000000743e00000, 0x0000000744000000|  0%| F|  |TAMS 0x0000000743e00000, 0x0000000743e00000| Untracked 
|  20|0x0000000744000000, 0x0000000744000000, 0x0000000744200000|  0%| F|  |TAMS 0x0000000744000000, 0x0000000744000000| Untracked 
|  21|0x0000000744200000, 0x0000000744200000, 0x0000000744400000|  0%| F|  |TAMS 0x0000000744200000, 0x0000000744200000| Untracked 
|  22|0x0000000744400000, 0x0000000744400000, 0x0000000744600000|  0%| F|  |TAMS 0x0000000744400000, 0x0000000744400000| Untracked 
|  23|0x0000000744600000, 0x0000000744600000, 0x0000000744800000|  0%| F|  |TAMS 0x0000000744600000, 0x0000000744600000| Untracked 
|  24|0x0000000744800000, 0x0000000744800000, 0x0000000744a00000|  0%| F|  |TAMS 0x0000000744800000, 0x0000000744800000| Untracked 
|  25|0x0000000744a00000, 0x0000000744a00000, 0x0000000744c00000|  0%| F|  |TAMS 0x0000000744a00000, 0x0000000744a00000| Untracked 
|  26|0x0000000744c00000, 0x0000000744c00000, 0x0000000744e00000|  0%| F|  |TAMS 0x0000000744c00000, 0x0000000744c00000| Untracked 
|  27|0x0000000744e00000, 0x0000000744e00000, 0x0000000745000000|  0%| F|  |TAMS 0x0000000744e00000, 0x0000000744e00000| Untracked 
|  28|0x0000000745000000, 0x0000000745000000, 0x0000000745200000|  0%| F|  |TAMS 0x0000000745000000, 0x0000000745000000| Untracked 
|  29|0x0000000745200000, 0x0000000745200000, 0x0000000745400000|  0%| F|  |TAMS 0x0000000745200000, 0x0000000745200000| Untracked 
|  30|0x0000000745400000, 0x0000000745400000, 0x0000000745600000|  0%| F|  |TAMS 0x0000000745400000, 0x0000000745400000| Untracked 
|  31|0x0000000745600000, 0x0000000745600000, 0x0000000745800000|  0%| F|  |TAMS 0x0000000745600000, 0x0000000745600000| Untracked 
|  32|0x0000000745800000, 0x0000000745800000, 0x0000000745a00000|  0%| F|  |TAMS 0x0000000745800000, 0x0000000745800000| Untracked 
|  33|0x0000000745a00000, 0x0000000745a00000, 0x0000000745c00000|  0%| F|  |TAMS 0x0000000745a00000, 0x0000000745a00000| Untracked 
|  34|0x0000000745c00000, 0x0000000745c00000, 0x0000000745e00000|  0%| F|  |TAMS 0x0000000745c00000, 0x0000000745c00000| Untracked 
|  35|0x0000000745e00000, 0x0000000745e00000, 0x0000000746000000|  0%| F|  |TAMS 0x0000000745e00000, 0x0000000745e00000| Untracked 
|  36|0x0000000746000000, 0x0000000746000000, 0x0000000746200000|  0%| F|  |TAMS 0x0000000746000000, 0x0000000746000000| Untracked 
|  37|0x0000000746200000, 0x0000000746200000, 0x0000000746400000|  0%| F|  |TAMS 0x0000000746200000, 0x0000000746200000| Untracked 
|  38|0x0000000746400000, 0x0000000746400000, 0x0000000746600000|  0%| F|  |TAMS 0x0000000746400000, 0x0000000746400000| Untracked 
|  39|0x0000000746600000, 0x0000000746600000, 0x0000000746800000|  0%| F|  |TAMS 0x0000000746600000, 0x0000000746600000| Untracked 
|  40|0x0000000746800000, 0x0000000746800000, 0x0000000746a00000|  0%| F|  |TAMS 0x0000000746800000, 0x0000000746800000| Untracked 
|  41|0x0000000746a00000, 0x0000000746a00000, 0x0000000746c00000|  0%| F|  |TAMS 0x0000000746a00000, 0x0000000746a00000| Untracked 
|  42|0x0000000746c00000, 0x0000000746c00000, 0x0000000746e00000|  0%| F|  |TAMS 0x0000000746c00000, 0x0000000746c00000| Untracked 
|  43|0x0000000746e00000, 0x0000000746e00000, 0x0000000747000000|  0%| F|  |TAMS 0x0000000746e00000, 0x0000000746e00000| Untracked 
|  44|0x0000000747000000, 0x0000000747000000, 0x0000000747200000|  0%| F|  |TAMS 0x0000000747000000, 0x0000000747000000| Untracked 
|  45|0x0000000747200000, 0x0000000747200000, 0x0000000747400000|  0%| F|  |TAMS 0x0000000747200000, 0x0000000747200000| Untracked 
|  46|0x0000000747400000, 0x0000000747400000, 0x0000000747600000|  0%| F|  |TAMS 0x0000000747400000, 0x0000000747400000| Untracked 
|  47|0x0000000747600000, 0x0000000747600000, 0x0000000747800000|  0%| F|  |TAMS 0x0000000747600000, 0x0000000747600000| Untracked 
|  48|0x0000000747800000, 0x0000000747800000, 0x0000000747a00000|  0%| F|  |TAMS 0x0000000747800000, 0x0000000747800000| Untracked 
|  49|0x0000000747a00000, 0x0000000747a00000, 0x0000000747c00000|  0%| F|  |TAMS 0x0000000747a00000, 0x0000000747a00000| Untracked 
|  50|0x0000000747c00000, 0x0000000747c00000, 0x0000000747e00000|  0%| F|  |TAMS 0x0000000747c00000, 0x0000000747c00000| Untracked 
|  51|0x0000000747e00000, 0x0000000747e00000, 0x0000000748000000|  0%| F|  |TAMS 0x0000000747e00000, 0x0000000747e00000| Untracked 
|  52|0x0000000748000000, 0x0000000748000000, 0x0000000748200000|  0%| F|  |TAMS 0x0000000748000000, 0x0000000748000000| Untracked 
|  53|0x0000000748200000, 0x0000000748200000, 0x0000000748400000|  0%| F|  |TAMS 0x0000000748200000, 0x0000000748200000| Untracked 
|  54|0x0000000748400000, 0x0000000748400000, 0x0000000748600000|  0%| F|  |TAMS 0x0000000748400000, 0x0000000748400000| Untracked 
|  55|0x0000000748600000, 0x0000000748600000, 0x0000000748800000|  0%| F|  |TAMS 0x0000000748600000, 0x0000000748600000| Untracked 
|  56|0x0000000748800000, 0x0000000748800000, 0x0000000748a00000|  0%| F|  |TAMS 0x0000000748800000, 0x0000000748800000| Untracked 
|  57|0x0000000748a00000, 0x0000000748a00000, 0x0000000748c00000|  0%| F|  |TAMS 0x0000000748a00000, 0x0000000748a00000| Untracked 
|  58|0x0000000748c00000, 0x0000000748c00000, 0x0000000748e00000|  0%| F|  |TAMS 0x0000000748c00000, 0x0000000748c00000| Untracked 
|  59|0x0000000748e00000, 0x0000000748e00000, 0x0000000749000000|  0%| F|  |TAMS 0x0000000748e00000, 0x0000000748e00000| Untracked 
|  60|0x0000000749000000, 0x0000000749000000, 0x0000000749200000|  0%| F|  |TAMS 0x0000000749000000, 0x0000000749000000| Untracked 
|  61|0x0000000749200000, 0x0000000749200000, 0x0000000749400000|  0%| F|  |TAMS 0x0000000749200000, 0x0000000749200000| Untracked 
|  62|0x0000000749400000, 0x0000000749400000, 0x0000000749600000|  0%| F|  |TAMS 0x0000000749400000, 0x0000000749400000| Untracked 
|  63|0x0000000749600000, 0x0000000749600000, 0x0000000749800000|  0%| F|  |TAMS 0x0000000749600000, 0x0000000749600000| Untracked 
|  64|0x0000000749800000, 0x0000000749800000, 0x0000000749a00000|  0%| F|  |TAMS 0x0000000749800000, 0x0000000749800000| Untracked 
|  65|0x0000000749a00000, 0x0000000749a00000, 0x0000000749c00000|  0%| F|  |TAMS 0x0000000749a00000, 0x0000000749a00000| Untracked 
|  66|0x0000000749c00000, 0x0000000749c00000, 0x0000000749e00000|  0%| F|  |TAMS 0x0000000749c00000, 0x0000000749c00000| Untracked 
|  67|0x0000000749e00000, 0x0000000749e00000, 0x000000074a000000|  0%| F|  |TAMS 0x0000000749e00000, 0x0000000749e00000| Untracked 
|  68|0x000000074a000000, 0x000000074a000000, 0x000000074a200000|  0%| F|  |TAMS 0x000000074a000000, 0x000000074a000000| Untracked 
|  69|0x000000074a200000, 0x000000074a200000, 0x000000074a400000|  0%| F|  |TAMS 0x000000074a200000, 0x000000074a200000| Untracked 
|  70|0x000000074a400000, 0x000000074a400000, 0x000000074a600000|  0%| F|  |TAMS 0x000000074a400000, 0x000000074a400000| Untracked 
|  71|0x000000074a600000, 0x000000074a600000, 0x000000074a800000|  0%| F|  |TAMS 0x000000074a600000, 0x000000074a600000| Untracked 
|  72|0x000000074a800000, 0x000000074a800000, 0x000000074aa00000|  0%| F|  |TAMS 0x000000074a800000, 0x000000074a800000| Untracked 
|  73|0x000000074aa00000, 0x000000074aa00000, 0x000000074ac00000|  0%| F|  |TAMS 0x000000074aa00000, 0x000000074aa00000| Untracked 
|  74|0x000000074ac00000, 0x000000074ac00000, 0x000000074ae00000|  0%| F|  |TAMS 0x000000074ac00000, 0x000000074ac00000| Untracked 
|  75|0x000000074ae00000, 0x000000074ae00000, 0x000000074b000000|  0%| F|  |TAMS 0x000000074ae00000, 0x000000074ae00000| Untracked 
|  76|0x000000074b000000, 0x000000074b000000, 0x000000074b200000|  0%| F|  |TAMS 0x000000074b000000, 0x000000074b000000| Untracked 
|  77|0x000000074b200000, 0x000000074b200000, 0x000000074b400000|  0%| F|  |TAMS 0x000000074b200000, 0x000000074b200000| Untracked 
|  78|0x000000074b400000, 0x000000074b400000, 0x000000074b600000|  0%| F|  |TAMS 0x000000074b400000, 0x000000074b400000| Untracked 
|  79|0x000000074b600000, 0x000000074b600000, 0x000000074b800000|  0%| F|  |TAMS 0x000000074b600000, 0x000000074b600000| Untracked 
|  80|0x000000074b800000, 0x000000074b800000, 0x000000074ba00000|  0%| F|  |TAMS 0x000000074b800000, 0x000000074b800000| Untracked 
|  81|0x000000074ba00000, 0x000000074bbdd970, 0x000000074bc00000| 93%| S|CS|TAMS 0x000000074ba00000, 0x000000074ba00000| Complete 
|  82|0x000000074bc00000, 0x000000074bc00000, 0x000000074be00000|  0%| F|  |TAMS 0x000000074bc00000, 0x000000074bc00000| Untracked 
|  83|0x000000074be00000, 0x000000074be00000, 0x000000074c000000|  0%| F|  |TAMS 0x000000074be00000, 0x000000074be00000| Untracked 
|  84|0x000000074c000000, 0x000000074c000000, 0x000000074c200000|  0%| F|  |TAMS 0x000000074c000000, 0x000000074c000000| Untracked 
|  85|0x000000074c200000, 0x000000074c200000, 0x000000074c400000|  0%| F|  |TAMS 0x000000074c200000, 0x000000074c200000| Untracked 
|  86|0x000000074c400000, 0x000000074c400000, 0x000000074c600000|  0%| F|  |TAMS 0x000000074c400000, 0x000000074c400000| Untracked 
|  87|0x000000074c600000, 0x000000074c600000, 0x000000074c800000|  0%| F|  |TAMS 0x000000074c600000, 0x000000074c600000| Untracked 
|  88|0x000000074c800000, 0x000000074ca00000, 0x000000074ca00000|100%| E|  |TAMS 0x000000074c800000, 0x000000074c800000| Complete 
|  89|0x000000074ca00000, 0x000000074cc00000, 0x000000074cc00000|100%| E|CS|TAMS 0x000000074ca00000, 0x000000074ca00000| Complete 
|  90|0x000000074cc00000, 0x000000074ce00000, 0x000000074ce00000|100%| E|CS|TAMS 0x000000074cc00000, 0x000000074cc00000| Complete 
|  91|0x000000074ce00000, 0x000000074d000000, 0x000000074d000000|100%| E|CS|TAMS 0x000000074ce00000, 0x000000074ce00000| Complete 
|  92|0x000000074d000000, 0x000000074d200000, 0x000000074d200000|100%| E|CS|TAMS 0x000000074d000000, 0x000000074d000000| Complete 
|  93|0x000000074d200000, 0x000000074d400000, 0x000000074d400000|100%| E|CS|TAMS 0x000000074d200000, 0x000000074d200000| Complete 
|  94|0x000000074d400000, 0x000000074d600000, 0x000000074d600000|100%| E|CS|TAMS 0x000000074d400000, 0x000000074d400000| Complete 
|  95|0x000000074d600000, 0x000000074d800000, 0x000000074d800000|100%| E|CS|TAMS 0x000000074d600000, 0x000000074d600000| Complete 

Card table byte_map: [0x000001dea4730000,0x000001dea4d30000] _byte_map_base: 0x000001dea0d24000

Marking Bits (Prev, Next): (CMBitMap*) 0x000001de8bb6ab50, (CMBitMap*) 0x000001de8bb6ab90
 Prev Bits: [0x000001dea5330000, 0x000001dea82d0000)
 Next Bits: [0x000001dea82d0000, 0x000001deab270000)

Polling page: 0x000001de94ae0000

Metaspace:

Usage:
  Non-class:     10.05 MB used.
      Class:      1.36 MB used.
       Both:     11.42 MB used.

Virtual space:
  Non-class space:       16.00 MB reserved,      10.12 MB ( 63%) committed,  2 nodes.
      Class space:        1.00 GB reserved,       1.44 MB ( <1%) committed,  1 nodes.
             Both:        1.02 GB reserved,      11.56 MB (  1%) committed. 

Chunk freelists:
   Non-Class:  352.00 KB
       Class:  2.57 MB
        Both:  2.92 MB

MaxMetaspaceSize: unlimited
CompressedClassSpaceSize: 1.00 GB
Initial GC threshold: 21.00 MB
Current GC threshold: 21.00 MB
CDS: on
MetaspaceReclaimPolicy: balanced
 - commit_granule_bytes: 65536.
 - commit_granule_words: 8192.
 - virtual_space_node_default_size: 1048576.
 - enlarge_chunks_in_place: 1.
 - new_chunks_are_fully_committed: 0.
 - uncommit_free_chunks: 1.
 - use_allocation_guard: 0.
 - handle_deallocations: 1.


Internal statistics:

num_allocs_failed_limit: 0.
num_arena_births: 54.
num_arena_deaths: 0.
num_vsnodes_births: 3.
num_vsnodes_deaths: 0.
num_space_committed: 185.
num_space_uncommitted: 0.
num_chunks_returned_to_freelist: 0.
num_chunks_taken_from_freelist: 446.
num_chunk_merges: 0.
num_chunk_splits: 330.
num_chunks_enlarged: 266.
num_purges: 0.
num_inconsistent_stats: 0.

CodeHeap 'non-profiled nmethods': size=120000Kb used=756Kb max_used=756Kb free=119243Kb
 bounds [0x000001de9c5d0000, 0x000001de9c840000, 0x000001dea3b00000]
CodeHeap 'profiled nmethods': size=120000Kb used=4179Kb max_used=4179Kb free=115820Kb
 bounds [0x000001de950a0000, 0x000001de954c0000, 0x000001de9c5d0000]
CodeHeap 'non-nmethods': size=5760Kb used=1169Kb max_used=1188Kb free=4591Kb
 bounds [0x000001de94b00000, 0x000001de94d70000, 0x000001de950a0000]
 total_blobs=2539 nmethods=2083 adapters=368
 compilation: enabled
              stopped_count=0, restarted_count=0
 full_count=0

Compilation events (20 events):
Event: 1.892 Thread 0x000001dead87b050 nmethod 2048 0x000001de95497810 code [0x000001de95497a80, 0x000001de95498808]
Event: 1.892 Thread 0x000001dead87b050 2047       3       java.lang.reflect.ReflectAccess::getRoot (5 bytes)
Event: 1.892 Thread 0x000001dead87b050 nmethod 2047 0x000001de95498b90 code [0x000001de95498d40, 0x000001de95498f08]
Event: 1.892 Thread 0x000001dead87b050 2050       3       java.net.URL::toExternalForm (9 bytes)
Event: 1.892 Thread 0x000001dead87b050 nmethod 2050 0x000001de95499010 code [0x000001de954991c0, 0x000001de954993a8]
Event: 1.892 Thread 0x000001dead87b050 2051  s    3       java.lang.StringBuffer::append (13 bytes)
Event: 1.893 Thread 0x000001dead87b050 nmethod 2051 0x000001de95499490 code [0x000001de95499640, 0x000001de95499868]
Event: 1.893 Thread 0x000001dead87b050 2052  s    3       java.lang.StringBuffer::append (13 bytes)
Event: 1.893 Thread 0x000001dead87b050 nmethod 2052 0x000001de95499910 code [0x000001de95499ac0, 0x000001de95499ce8]
Event: 1.893 Thread 0x000001dead87b050 2053       3       java.nio.charset.CharsetDecoder::<init> (100 bytes)
Event: 1.894 Thread 0x000001dead87b050 nmethod 2053 0x000001de95499d90 code [0x000001de95499fa0, 0x000001de9549a678]
Event: 1.894 Thread 0x000001dead87b050 2054       3       java.io.PrintStream::ensureOpen (18 bytes)
Event: 1.894 Thread 0x000001dead87b050 nmethod 2054 0x000001de9549a810 code [0x000001de9549a9c0, 0x000001de9549abc8]
Event: 1.894 Thread 0x000001dead87b050 2055       3       java.io.BufferedWriter::ensureOpen (18 bytes)
Event: 1.894 Thread 0x000001dead87b050 nmethod 2055 0x000001de9549ac90 code [0x000001de9549ae40, 0x000001de9549b048]
Event: 1.894 Thread 0x000001dead87b050 2056       3       java.lang.String::valueOf (39 bytes)
Event: 1.895 Thread 0x000001dead87b050 nmethod 2056 0x000001de9549b110 code [0x000001de9549b300, 0x000001de9549ba38]
Event: 1.895 Thread 0x000001dead87b050 2058       3       java.nio.Buffer::remaining (20 bytes)
Event: 1.895 Thread 0x000001dead87b050 nmethod 2058 0x000001de9549bc10 code [0x000001de9549bda0, 0x000001de9549bf38]
Event: 1.895 Thread 0x000001dead87b050 2059  s    3       org.fusesource.jansi.AnsiPrintStream::filter (948 bytes)

GC Heap History (6 events):
Event: 0.528 GC heap before
{Heap before GC invocations=0 (full 0):
 garbage-first heap   total 196608K, used 12288K [0x0000000741800000, 0x0000000800000000)
  region size 2048K, 6 young (12288K), 0 survivors (0K)
 Metaspace       used 3135K, committed 3264K, reserved 1056768K
  class space    used 319K, committed 384K, reserved 1048576K
}
Event: 0.533 GC heap after
{Heap after GC invocations=1 (full 0):
 garbage-first heap   total 196608K, used 3060K [0x0000000741800000, 0x0000000800000000)
  region size 2048K, 1 young (2048K), 1 survivors (2048K)
 Metaspace       used 3135K, committed 3264K, reserved 1056768K
  class space    used 319K, committed 384K, reserved 1048576K
}
Event: 0.796 GC heap before
{Heap before GC invocations=1 (full 0):
 garbage-first heap   total 196608K, used 13300K [0x0000000741800000, 0x0000000800000000)
  region size 2048K, 6 young (12288K), 1 survivors (2048K)
 Metaspace       used 4725K, committed 4864K, reserved 1056768K
  class space    used 550K, committed 640K, reserved 1048576K
}
Event: 0.800 GC heap after
{Heap after GC invocations=2 (full 0):
 garbage-first heap   total 196608K, used 3723K [0x0000000741800000, 0x0000000800000000)
  region size 2048K, 1 young (2048K), 1 survivors (2048K)
 Metaspace       used 4725K, committed 4864K, reserved 1056768K
  class space    used 550K, committed 640K, reserved 1048576K
}
Event: 1.440 GC heap before
{Heap before GC invocations=2 (full 0):
 garbage-first heap   total 196608K, used 30347K [0x0000000741800000, 0x0000000800000000)
  region size 2048K, 14 young (28672K), 1 survivors (2048K)
 Metaspace       used 8813K, committed 8960K, reserved 1064960K
  class space    used 1069K, committed 1152K, reserved 1048576K
}
Event: 1.443 GC heap after
{Heap after GC invocations=3 (full 0):
 garbage-first heap   total 196608K, used 5046K [0x0000000741800000, 0x0000000800000000)
  region size 2048K, 1 young (2048K), 1 survivors (2048K)
 Metaspace       used 8813K, committed 8960K, reserved 1064960K
  class space    used 1069K, committed 1152K, reserved 1048576K
}

Deoptimization events (20 events):
Event: 1.830 Thread 0x000001de8bb24d50 Uncommon trap: trap_request=0xffffffc6 fr.pc=0x000001de9c61ed00 relative=0x0000000000000340
Event: 1.830 Thread 0x000001de8bb24d50 Uncommon trap: reason=bimorphic_or_optimized_type_check action=maybe_recompile pc=0x000001de9c61ed00 method=java.nio.Buffer.<init>(IIIILjdk/internal/access/foreign/MemorySegmentProxy;)V @ 39 c2
Event: 1.830 Thread 0x000001de8bb24d50 DEOPT PACKING pc=0x000001de9c61ed00 sp=0x0000002d733fc8a0
Event: 1.830 Thread 0x000001de8bb24d50 DEOPT UNPACKING pc=0x000001de94b523a3 sp=0x0000002d733fc848 mode 2
Event: 1.854 Thread 0x000001de8bb24d50 Uncommon trap: trap_request=0xffffff45 fr.pc=0x000001de9c6450cc relative=0x000000000000052c
Event: 1.854 Thread 0x000001de8bb24d50 Uncommon trap: reason=unstable_if action=reinterpret pc=0x000001de9c6450cc method=java.lang.String.replace(CC)Ljava/lang/String; @ 2 c2
Event: 1.854 Thread 0x000001de8bb24d50 DEOPT PACKING pc=0x000001de9c6450cc sp=0x0000002d733fd9f0
Event: 1.854 Thread 0x000001de8bb24d50 DEOPT UNPACKING pc=0x000001de94b523a3 sp=0x0000002d733fd9a0 mode 2
Event: 1.854 Thread 0x000001de8bb24d50 Uncommon trap: trap_request=0xffffff45 fr.pc=0x000001de9c631d6c relative=0x00000000000002cc
Event: 1.854 Thread 0x000001de8bb24d50 Uncommon trap: reason=unstable_if action=reinterpret pc=0x000001de9c631d6c method=java.lang.String.indexOf([BBILjava/lang/String;I)I @ 21 c2
Event: 1.854 Thread 0x000001de8bb24d50 DEOPT PACKING pc=0x000001de9c631d6c sp=0x0000002d733fdae0
Event: 1.854 Thread 0x000001de8bb24d50 DEOPT UNPACKING pc=0x000001de94b523a3 sp=0x0000002d733fd9f0 mode 2
Event: 1.877 Thread 0x000001de8bb24d50 Uncommon trap: trap_request=0xffffff45 fr.pc=0x000001de9c5f7f4c relative=0x000000000000022c
Event: 1.877 Thread 0x000001de8bb24d50 Uncommon trap: reason=unstable_if action=reinterpret pc=0x000001de9c5f7f4c method=java.util.StringTokenizer.scanToken(I)I @ 42 c2
Event: 1.877 Thread 0x000001de8bb24d50 DEOPT PACKING pc=0x000001de9c5f7f4c sp=0x0000002d733fdd70
Event: 1.877 Thread 0x000001de8bb24d50 DEOPT UNPACKING pc=0x000001de94b523a3 sp=0x0000002d733fdd10 mode 2
Event: 1.881 Thread 0x000001de8bb24d50 Uncommon trap: trap_request=0xffffffc6 fr.pc=0x000001de9c640d2c relative=0x0000000000000a2c
Event: 1.881 Thread 0x000001de8bb24d50 Uncommon trap: reason=bimorphic_or_optimized_type_check action=maybe_recompile pc=0x000001de9c640d2c method=java.util.HashMap.putVal(ILjava/lang/Object;Ljava/lang/Object;ZZ)Ljava/lang/Object; @ 203 c2
Event: 1.881 Thread 0x000001de8bb24d50 DEOPT PACKING pc=0x000001de9c640d2c sp=0x0000002d733fbc40
Event: 1.881 Thread 0x000001de8bb24d50 DEOPT UNPACKING pc=0x000001de94b523a3 sp=0x0000002d733fbbe0 mode 2

Classes unloaded (0 events):
No events

Classes redefined (0 events):
No events

Internal exceptions (4 events):
Event: 0.619 Thread 0x000001de8bb24d50 Exception <a 'java/lang/NoSuchMethodError'{0x000000074d4ec788}: 'java.lang.Object java.lang.invoke.DirectMethodHandle$Holder.newInvokeSpecial(java.lang.Object, java.lang.Object, java.lang.Object, java.lang.Object, java.lang.Object)'> (0x000000074d4ec788) 
thrown [t:\workspace\open\src\hotspot\share\interpreter\linkResolver.cpp, line 766]
Event: 1.573 Thread 0x000001de8bb24d50 Exception <a 'java/lang/NoClassDefFoundError'{0x000000074d2f0e18}: com/google/inject/servlet/ServletModuleTargetVisitor> (0x000000074d2f0e18) 
thrown [t:\workspace\open\src\hotspot\share\classfile\systemDictionary.cpp, line 245]
Event: 1.573 Thread 0x000001de8bb24d50 Exception <a 'java/lang/NoClassDefFoundError'{0x000000074d2f2d28}: javax/annotation/Priority> (0x000000074d2f2d28) 
thrown [t:\workspace\open\src\hotspot\share\classfile\systemDictionary.cpp, line 245]
Event: 1.660 Thread 0x000001de8bb24d50 Exception <a 'java/lang/NoSuchMethodError'{0x000000074d150ca8}: 'java.lang.Object java.lang.invoke.DirectMethodHandle$Holder.invokeStaticInit(java.lang.Object, int, int, int, int)'> (0x000000074d150ca8) 
thrown [t:\workspace\open\src\hotspot\share\interpreter\linkResolver.cpp, line 766]

VM Operations (20 events):
Event: 1.102 Executing VM operation: HandshakeAllThreads
Event: 1.102 Executing VM operation: HandshakeAllThreads done
Event: 1.124 Executing VM operation: HandshakeAllThreads
Event: 1.124 Executing VM operation: HandshakeAllThreads done
Event: 1.421 Executing VM operation: ICBufferFull
Event: 1.421 Executing VM operation: ICBufferFull done
Event: 1.440 Executing VM operation: G1CollectForAllocation
Event: 1.443 Executing VM operation: G1CollectForAllocation done
Event: 1.465 Executing VM operation: HandshakeAllThreads
Event: 1.465 Executing VM operation: HandshakeAllThreads done
Event: 1.467 Executing VM operation: HandshakeAllThreads
Event: 1.467 Executing VM operation: HandshakeAllThreads done
Event: 1.551 Executing VM operation: HandshakeAllThreads
Event: 1.551 Executing VM operation: HandshakeAllThreads done
Event: 1.642 Executing VM operation: HandshakeAllThreads
Event: 1.642 Executing VM operation: HandshakeAllThreads done
Event: 1.680 Executing VM operation: HandshakeAllThreads
Event: 1.680 Executing VM operation: HandshakeAllThreads done
Event: 1.712 Executing VM operation: ICBufferFull
Event: 1.712 Executing VM operation: ICBufferFull done

Events (20 events):
Event: 1.777 loading class java/util/ArrayList$SubList$1
Event: 1.777 loading class java/util/ArrayList$SubList$1 done
Event: 1.779 loading class java/nio/channels/OverlappingFileLockException
Event: 1.779 loading class java/nio/channels/OverlappingFileLockException done
Event: 1.785 loading class java/util/regex/Pattern$Pos
Event: 1.785 loading class java/util/regex/Pattern$Pos done
Event: 1.829 loading class sun/util/resources/LocaleData$CommonResourceBundleProvider
Event: 1.829 loading class sun/util/resources/LocaleData$LocaleDataResourceBundleProvider
Event: 1.829 loading class java/util/spi/ResourceBundleProvider
Event: 1.829 loading class java/util/spi/ResourceBundleProvider done
Event: 1.829 loading class sun/util/resources/LocaleData$LocaleDataResourceBundleProvider done
Event: 1.829 loading class sun/util/resources/LocaleData$CommonResourceBundleProvider done
Event: 1.829 loading class sun/util/resources/Bundles$2
Event: 1.829 loading class sun/util/resources/Bundles$2 done
Event: 1.861 loading class java/lang/Short$ShortCache
Event: 1.861 loading class java/lang/Short$ShortCache done
Event: 1.861 loading class java/lang/Byte$ByteCache
Event: 1.861 loading class java/lang/Byte$ByteCache done
Event: 1.889 loading class java/util/LinkedList$ListItr
Event: 1.889 loading class java/util/LinkedList$ListItr done


Dynamic libraries:
0x00007ff739df0000 - 0x00007ff739e00000 	C:\Program Files\Java\jdk-17.0.1\bin\java.exe
0x00007ffe4f2f0000 - 0x00007ffe4f4e8000 	C:\WINDOWS\SYSTEM32\ntdll.dll
0x00007ffe4eb90000 - 0x00007ffe4ec4f000 	C:\WINDOWS\System32\KERNEL32.DLL
0x00007ffe4cad0000 - 0x00007ffe4cda2000 	C:\WINDOWS\System32\KERNELBASE.dll
0x00007ffe4cdb0000 - 0x00007ffe4ceb0000 	C:\WINDOWS\System32\ucrtbase.dll
0x00007ffe46000000 - 0x00007ffe46018000 	C:\Program Files\Java\jdk-17.0.1\bin\jli.dll
0x00007ffe4ecf0000 - 0x00007ffe4ed9e000 	C:\WINDOWS\System32\ADVAPI32.dll
0x00007ffe27950000 - 0x00007ffe2796a000 	C:\Program Files\Java\jdk-17.0.1\bin\VCRUNTIME140.dll
0x00007ffe4ec50000 - 0x00007ffe4ecee000 	C:\WINDOWS\System32\msvcrt.dll
0x00007ffe4eaf0000 - 0x00007ffe4eb8c000 	C:\WINDOWS\System32\sechost.dll
0x00007ffe4e940000 - 0x00007ffe4ea65000 	C:\WINDOWS\System32\RPCRT4.dll
0x00007ffe4ee50000 - 0x00007ffe4eff1000 	C:\WINDOWS\System32\USER32.dll
0x00007ffe4d120000 - 0x00007ffe4d142000 	C:\WINDOWS\System32\win32u.dll
0x00007ffe4d9a0000 - 0x00007ffe4d9cb000 	C:\WINDOWS\System32\GDI32.dll
0x00007ffe4ceb0000 - 0x00007ffe4cfbf000 	C:\WINDOWS\System32\gdi32full.dll
0x00007ffe4c9e0000 - 0x00007ffe4ca7d000 	C:\WINDOWS\System32\msvcp_win.dll
0x00007ffe3e460000 - 0x00007ffe3e6fa000 	C:\WINDOWS\WinSxS\amd64_microsoft.windows.common-controls_6595b64144ccf1df_6.0.19041.1110_none_60b5254171f9507e\COMCTL32.dll
0x00007ffe47700000 - 0x00007ffe4770a000 	C:\WINDOWS\SYSTEM32\VERSION.dll
0x00007ffe4d960000 - 0x00007ffe4d992000 	C:\WINDOWS\System32\IMM32.DLL
0x00007ffe33fb0000 - 0x00007ffe33fbc000 	C:\Program Files\Java\jdk-17.0.1\bin\vcruntime140_1.dll
0x00007ffe008d0000 - 0x00007ffe0095d000 	C:\Program Files\Java\jdk-17.0.1\bin\msvcp140.dll
0x00007ffdf31d0000 - 0x00007ffdf3d8e000 	C:\Program Files\Java\jdk-17.0.1\bin\server\jvm.dll
0x00007ffe4d330000 - 0x00007ffe4d338000 	C:\WINDOWS\System32\PSAPI.DLL
0x00007ffe4b110000 - 0x00007ffe4b119000 	C:\WINDOWS\SYSTEM32\WSOCK32.dll
0x00007ffe4d890000 - 0x00007ffe4d8fb000 	C:\WINDOWS\System32\WS2_32.dll
0x00007ffe41f70000 - 0x00007ffe41f97000 	C:\WINDOWS\SYSTEM32\WINMM.dll
0x00007ffe4b230000 - 0x00007ffe4b242000 	C:\WINDOWS\SYSTEM32\kernel.appcore.dll
0x00007ffe2e320000 - 0x00007ffe2e32a000 	C:\Program Files\Java\jdk-17.0.1\bin\jimage.dll
0x00007ffe4a760000 - 0x00007ffe4a944000 	C:\WINDOWS\SYSTEM32\DBGHELP.DLL
0x00007ffe3b0f0000 - 0x00007ffe3b125000 	C:\WINDOWS\SYSTEM32\dbgcore.DLL
0x00007ffe4d230000 - 0x00007ffe4d2b2000 	C:\WINDOWS\System32\bcryptPrimitives.dll
0x00007ffe25850000 - 0x00007ffe25875000 	C:\Program Files\Java\jdk-17.0.1\bin\java.dll
0x00007ffe00d70000 - 0x00007ffe00e46000 	C:\Program Files\Java\jdk-17.0.1\bin\svml.dll
0x00007ffe4e1f0000 - 0x00007ffe4e934000 	C:\WINDOWS\System32\SHELL32.dll
0x00007ffe4a950000 - 0x00007ffe4b0e2000 	C:\WINDOWS\SYSTEM32\windows.storage.dll
0x00007ffe4dc80000 - 0x00007ffe4dfd5000 	C:\WINDOWS\System32\combase.dll
0x00007ffe4c440000 - 0x00007ffe4c470000 	C:\WINDOWS\SYSTEM32\Wldp.dll
0x00007ffe4f000000 - 0x00007ffe4f0ad000 	C:\WINDOWS\System32\SHCORE.dll
0x00007ffe4f0b0000 - 0x00007ffe4f105000 	C:\WINDOWS\System32\shlwapi.dll
0x00007ffe4c920000 - 0x00007ffe4c93f000 	C:\WINDOWS\SYSTEM32\profapi.dll
0x00007ffe27900000 - 0x00007ffe27919000 	C:\Program Files\Java\jdk-17.0.1\bin\net.dll
0x00007ffe43a90000 - 0x00007ffe43b9c000 	C:\WINDOWS\SYSTEM32\WINHTTP.dll
0x00007ffe4c130000 - 0x00007ffe4c19a000 	C:\WINDOWS\system32\mswsock.dll
0x00007ffe27040000 - 0x00007ffe27055000 	C:\Program Files\Java\jdk-17.0.1\bin\nio.dll
0x00007ffe23a00000 - 0x00007ffe23a18000 	C:\Program Files\Java\jdk-17.0.1\bin\zip.dll
0x00007ffe2b480000 - 0x00007ffe2b490000 	C:\Program Files\Java\jdk-17.0.1\bin\verify.dll
0x00007ffe45ff0000 - 0x00007ffe45ffa000 	C:\Program Files\NetBeans-12.5\netbeans\java\maven\lib\jansi-native\windows64\jansi.dll

dbghelp: loaded successfully - version: 4.0.5 - missing functions: none
symbol engine: initialized successfully - sym options: 0x614 - pdb path: .;C:\Program Files\Java\jdk-17.0.1\bin;C:\WINDOWS\SYSTEM32;C:\WINDOWS\WinSxS\amd64_microsoft.windows.common-controls_6595b64144ccf1df_6.0.19041.1110_none_60b5254171f9507e;C:\Program Files\Java\jdk-17.0.1\bin\server;C:\Program Files\NetBeans-12.5\netbeans\java\maven\lib\jansi-native\windows64

VM Arguments:
jvm_args: -Dclassworlds.conf=C:\Program Files\NetBeans-12.5\netbeans\java\maven\bin\..\bin\m2.conf -Dmaven.home=C:\Program Files\NetBeans-12.5\netbeans\java\maven\bin\.. -Dlibrary.jansi.path=C:\Program Files\NetBeans-12.5\netbeans\java\maven\bin\..\lib\jansi-native -Dmaven.multiModuleProjectDirectory=C:\Users\sergi\Documents\NetBeansProjects\GestionIncidencias 
java_command: org.codehaus.plexus.classworlds.launcher.Launcher -Dexec.vmArgs= -Dexec.args=${exec.vmArgs} -classpath %classpath ${exec.mainClass} ${exec.appArgs} -Dexec.appArgs= -Dexec.mainClass=com.mycompany.gestionincidencias.view.Login -Dexec.executable=C:\Program Files\Java\jdk-17.0.1\bin\java.exe -Dmaven.ext.class.path=C:\Program Files\NetBeans-12.5\netbeans\java\maven-nblib\netbeans-eventspy.jar -Dfile.encoding=UTF-8 org.codehaus.mojo:exec-maven-plugin:3.0.0:exec
java_class_path (initial): C:\Program Files\NetBeans-12.5\netbeans\java\maven\bin\..\boot\plexus-classworlds-2.6.0.jar
Launcher Type: SUN_STANDARD

[Global flags]
     intx CICompilerCount                          = 3                                         {product} {ergonomic}
     uint ConcGCThreads                            = 1                                         {product} {ergonomic}
     uint G1ConcRefinementThreads                  = 4                                         {product} {ergonomic}
   size_t G1HeapRegionSize                         = 2097152                                   {product} {ergonomic}
    uintx GCDrainStackTargetSize                   = 64                                        {product} {ergonomic}
   size_t InitialHeapSize                          = 201326592                                 {product} {ergonomic}
   size_t MarkStackSize                            = 4194304                                   {product} {ergonomic}
   size_t MaxHeapSize                              = 3196059648                                {product} {ergonomic}
   size_t MaxNewSize                               = 1916796928                                {product} {ergonomic}
   size_t MinHeapDeltaBytes                        = 2097152                                   {product} {ergonomic}
   size_t MinHeapSize                              = 8388608                                   {product} {ergonomic}
    uintx NonNMethodCodeHeapSize                   = 5832780                                {pd product} {ergonomic}
    uintx NonProfiledCodeHeapSize                  = 122912730                              {pd product} {ergonomic}
    uintx ProfiledCodeHeapSize                     = 122912730                              {pd product} {ergonomic}
    uintx ReservedCodeCacheSize                    = 251658240                              {pd product} {ergonomic}
     bool SegmentedCodeCache                       = true                                      {product} {ergonomic}
   size_t SoftMaxHeapSize                          = 3196059648                             {manageable} {ergonomic}
     bool UseCompressedClassPointers               = true                           {product lp64_product} {ergonomic}
     bool UseCompressedOops                        = true                           {product lp64_product} {ergonomic}
     bool UseG1GC                                  = true                                      {product} {ergonomic}
     bool UseLargePagesIndividualAllocation        = false                                  {pd product} {ergonomic}

Logging:
Log output configuration:
 #0: stdout all=warning uptime,level,tags
 #1: stderr all=off uptime,level,tags

Environment Variables:
JAVA_HOME=C:\Program Files\Java\jdk-17.0.1
CLASSPATH=.
PATH=D:\app\product\18.0.1\dbhomeXE\bin;C:\Program Files\Common Files\Oracle\Java\javapath;C:\Program Files (x86)\VMware\VMware Player\bin\;C:\oraclexe\app\oracle\product\11.2.0\server\bin;C:\Program Files (x86)\Common Files\Oracle\Java\javapath;C:\Windows\system32;C:\Windows;C:\Windows\System32\Wbem;C:\Windows\System32\WindowsPowerShell\v1.0\;C:\Windows\System32\OpenSSH\;C:\Program Files\nodejs\;C:\Program Files\NVIDIA Corporation\NVIDIA NvDLISR;C:\Program Files (x86)\NVIDIA Corporation\PhysX\Common;C:\Program Files\Java\jdk-17.0.1\bin;C:\WINDOWS\system32;C:\WINDOWS;C:\WINDOWS\System32\Wbem;C:\WINDOWS\System32\WindowsPowerShell\v1.0\;C:\WINDOWS\System32\OpenSSH\;C:\cygwin64\bin;C:\Program Files\Git\cmd;C:\Program Files\dotnet\;C:\Users\sergi\AppData\Local\Microsoft\WindowsApps;C:\Users\sergi\AppData\Local\Programs\Microsoft VS Code\bin;C:\Users\sergi\AppData\Roaming\npm;C:\Users\sergi\.dotnet\tools
USERNAME=sergi
OS=Windows_NT
PROCESSOR_IDENTIFIER=Intel64 Family 6 Model 61 Stepping 4, GenuineIntel



---------------  S Y S T E M  ---------------

OS:
 Windows 10 , 64 bit Build 19041 (10.0.19041.2364)
OS uptime: 2 days 18:14 hours

CPU: total 4 (initial active 4) (2 cores per cpu, 2 threads per core) family 6 model 61 stepping 4 microcode 0x2d, cx8, cmov, fxsr, ht, mmx, 3dnowpref, sse, sse2, sse3, ssse3, sse4.1, sse4.2, popcnt, lzcnt, tsc, tscinvbit, avx, avx2, aes, erms, clmul, bmi1, bmi2, adx, fma, vzeroupper, clflush

Memory: 4k page, system-wide physical 12190M (1502M free)
TotalPageFile size 13214M (AvailPageFile size 1M)
current process WorkingSet (physical memory assigned to process): 110M, peak: 110M
current process commit charge ("private bytes"): 309M, peak: 309M

vm_info: Java HotSpot(TM) 64-Bit Server VM (17.0.1+12-LTS-39) for windows-amd64 JRE (17.0.1+12-LTS-39), built on Sep 27 2021 18:41:35 by "mach5one" with MS VC++ 16.8 (VS2019)

END.
